[debug] [2021-06-12T23:05:31.460Z] ----------------------------------------------------------------------
[debug] [2021-06-12T23:05:31.463Z] Command:       C:\Program Files\nodejs\node.exe C:\Users\Valery\AppData\Roaming\npm\node_modules\firebase-tools\lib\bin\firebase.js init functions
[debug] [2021-06-12T23:05:31.463Z] CLI Version:   9.12.1
[debug] [2021-06-12T23:05:31.464Z] Platform:      win32
[debug] [2021-06-12T23:05:31.464Z] Node Version:  v14.6.0
[debug] [2021-06-12T23:05:31.465Z] Time:          Sat Jun 12 2021 23:05:31 GMT+0000 (Greenwich Mean Time)
[debug] [2021-06-12T23:05:31.465Z] ----------------------------------------------------------------------
[debug] 
[debug] [2021-06-12T23:05:31.483Z] > command requires scopes: ["email","openid","https://www.googleapis.com/auth/cloudplatformprojects.readonly","https://www.googleapis.com/auth/firebase","https://www.googleapis.com/auth/cloud-platform"]
[debug] [2021-06-12T23:05:31.483Z] > authorizing via signed-in user (valeryghn10@gmail.com)
[info] 
     ######## #### ########  ######## ########     ###     ######  ########
     ##        ##  ##     ## ##       ##     ##  ##   ##  ##       ##
     ######    ##  ########  ######   ########  #########  ######  ######
     ##        ##  ##    ##  ##       ##     ## ##     ##       ## ##
     ##       #### ##     ## ######## ########  ##     ##  ######  ########

You're about to initialize a Firebase project in this directory:

  C:\Users\Valery\Desktop\Dev\projets\client

[info] 
=== Project Setup
[info] 
[info] First, let's associate this project directory with a Firebase project.
[info] You can create multiple project aliases by running firebase use --add, 
[info] but for now we'll just set up a default project.
[info] 
[debug] [2021-06-12T23:05:50.062Z] >>> [apiv2][query] GET https://firebase.googleapis.com/v1beta1/availableProjects pageSize=100
[debug] [2021-06-12T23:05:51.859Z] <<< [apiv2][status] GET https://firebase.googleapis.com/v1beta1/availableProjects 200
[debug] [2021-06-12T23:05:51.859Z] <<< [apiv2][body] GET https://firebase.googleapis.com/v1beta1/availableProjects [omitted]
